<?xml version="1.0" encoding="UTF-8"?><testsuite errors="1" failures="0" name="Academy Choucair" skipped="0" tests="1" time="10.71" timestamp="2021-10-05 11:28:30"><testcase name="Search for a automation curse"><error message="Arity mismatch: Step Definition 'co.com.choucair.certification.proyectobase.stepdefinitions.ChoucairAcademyStepDefinitions.heSearchForTheCourseRecursosAutomatizacionBancolombiaOnTheChouxairAcademyPlatform() in file:/C:/Users/DARIO%20CUELLAR/IdeaProjects/co.com.choucair.certification.proyectobase/build/classes/java/test/' with pattern [^he search for the course (.*) on the Chouxair Academy platform$] is declared with 0 parameters. However, the gherkin step has 1 arguments [Recursos Automatizacion Bancolombia]. &#10;Step text: he search for the course Recursos Automatizacion Bancolombia on the Chouxair Academy platform" type="cucumber.runtime.CucumberException">Arity mismatch: Step Definition 'co.com.choucair.certification.proyectobase.stepdefinitions.ChoucairAcademyStepDefinitions.heSearchForTheCourseRecursosAutomatizacionBancolombiaOnTheChouxairAcademyPlatform() in file:/C:/Users/DARIO%20CUELLAR/IdeaProjects/co.com.choucair.certification.proyectobase/build/classes/java/test/' with pattern [^he search for the course (.*) on the Chouxair Academy platform$] is declared with 0 parameters. However, the gherkin step has 1 arguments [Recursos Automatizacion Bancolombia]. 
Step text: he search for the course Recursos Automatizacion Bancolombia on the Chouxair Academy platform</error><system-err>Arity mismatch: Step Definition 'co.com.choucair.certification.proyectobase.stepdefinitions.ChoucairAcademyStepDefinitions.heSearchForTheCourseRecursosAutomatizacionBancolombiaOnTheChouxairAcademyPlatform() in file:/C:/Users/DARIO%20CUELLAR/IdeaProjects/co.com.choucair.certification.proyectobase/build/classes/java/test/' with pattern [^he search for the course (.*) on the Chouxair Academy platform$] is declared with 0 parameters. However, the gherkin step has 1 arguments [Recursos Automatizacion Bancolombia]. 
Step text: he search for the course Recursos Automatizacion Bancolombia on the Chouxair Academy platform&#13;
cucumber.runner.Runner.runPickle(Runner.java:80)&#13;
</system-err></testcase></testsuite>