<?xml version="1.0" encoding="UTF-8"?><testsuite errors="1" failures="0" name="Academy Choucair" skipped="0" tests="1" time="9.99" timestamp="2021-10-06 08:33:29"><testcase name="Search for a automation course"><error type="java.lang.NullPointerException"/><system-err>null&#13;
co.com.choucair.certification.proyectobase.tasks.Search.the(Search.java:19)&#13;
co.com.choucair.certification.proyectobase.stepdefinitions.ChoucairAcademyStepDefinitions.heSearchForTheCourseRecursosAutomatizacionBancolombiaOnTheChouxairAcademyPlatform(ChoucairAcademyStepDefinitions.java:36)&#13;
✽.he search for the course on the Chouxair Academy platform(src/test/resources/features/academyChoucair.feature:11)&#13;
</system-err></testcase></testsuite>